<?xml version="1.0" encoding="UTF-8"?>
<testsuites>
	<testsuite name="Mytest-20220507160819" tests="3" file=".py" time="0.896" timestamp="2022-05-07T16:08:20" failures="0" errors="0" skipped="0">
		<testcase classname="Mytest" name="test_api_1_测试用例" time="0.063" timestamp="2022-05-07T16:08:19" file="tasks\task_running\test_case.py" line="15">
			<!--test_api_1_测试用例-->
		</testcase>
		<testcase classname="Mytest" name="test_api_2_测试name" time="0.515" timestamp="2022-05-07T16:08:19" file="tasks\task_running\test_case.py" line="15">
			<!--test_api_2_测试name-->
		</testcase>
		<testcase classname="Mytest" name="test_api_3_测试name2" time="0.317" timestamp="2022-05-07T16:08:20" file="tasks\task_running\test_case.py" line="15">
			<!--test_api_3_测试name2-->
		</testcase>
	</testsuite>
</testsuites>
